<?xml version="1.0" encoding="UTF-8"?>
<testng-results skipped="0" failed="2" ignored="0" total="7" passed="5">
  <reporter-output>
  </reporter-output>
  <suite name="Suite" duration-ms="151718" started-at="2021-08-18T17:25:50 IST" finished-at="2021-08-18T17:28:22 IST">
    <groups>
    </groups>
    <test name="Test" duration-ms="151718" started-at="2021-08-18T17:25:50 IST" finished-at="2021-08-18T17:28:22 IST">
      <class name="com.amex.parameterizedtests.DataProviderTest">
        <test-method status="PASS" signature="beforeTest()[pri:0, instance:com.amex.parameterizedtests.DataProviderTest@1a052a00]" name="beforeTest" is-config="true" duration-ms="6344" started-at="2021-08-18T17:25:50 IST" finished-at="2021-08-18T17:25:57 IST">
          <reporter-output>
          </reporter-output>
        </test-method> <!-- beforeTest -->
        <test-method status="PASS" signature="canadaSearchDataProviderExternalTest(java.lang.String,java.lang.String)[pri:0, instance:com.amex.parameterizedtests.DataProviderTest@1a052a00]" name="canadaSearchDataProviderExternalTest" duration-ms="26402" started-at="2021-08-18T17:25:57 IST" data-provider="phoneNumbersExternal" finished-at="2021-08-18T17:26:23 IST">
          <params>
            <param index="0">
              <value>
                <![CDATA[Golf Town]]>
              </value>
            </param>
            <param index="1">
              <value>
                <![CDATA[905-841-0191]]>
              </value>
            </param>
          </params>
          <reporter-output>
          </reporter-output>
        </test-method> <!-- canadaSearchDataProviderExternalTest -->
        <test-method status="FAIL" signature="canadaSearchDataProviderExternalTest(java.lang.String,java.lang.String)[pri:0, instance:com.amex.parameterizedtests.DataProviderTest@1a052a00]" name="canadaSearchDataProviderExternalTest" duration-ms="12785" started-at="2021-08-18T17:26:23 IST" data-provider="phoneNumbersExternal" finished-at="2021-08-18T17:26:36 IST">
          <params>
            <param index="0">
              <value>
                <![CDATA[647-846-8449]]>
              </value>
            </param>
            <param index="1">
              <value>
                <![CDATA[647-846-8449]]>
              </value>
            </param>
          </params>
          <exception class="java.lang.AssertionError">
            <message>
              <![CDATA[expected [647-846-8449] but found [null]]]>
            </message>
            <full-stacktrace>
              <![CDATA[java.lang.AssertionError: expected [647-846-8449] but found [null]
at org.testng.Assert.fail(Assert.java:99)
at org.testng.Assert.failNotEquals(Assert.java:1037)
at org.testng.Assert.assertEqualsImpl(Assert.java:140)
at org.testng.Assert.assertEquals(Assert.java:122)
at org.testng.Assert.assertEquals(Assert.java:629)
at org.testng.Assert.assertEquals(Assert.java:639)
at com.amex.parameterizedtests.DataProviderTest.canadaSearchDataProviderExternalTest(DataProviderTest.java:116)
at sun.reflect.NativeMethodAccessorImpl.invoke0(Native Method)
at sun.reflect.NativeMethodAccessorImpl.invoke(NativeMethodAccessorImpl.java:62)
at sun.reflect.DelegatingMethodAccessorImpl.invoke(DelegatingMethodAccessorImpl.java:43)
at java.lang.reflect.Method.invoke(Method.java:498)
at org.testng.internal.MethodInvocationHelper.invokeMethod(MethodInvocationHelper.java:133)
at org.testng.internal.TestInvoker.invokeMethod(TestInvoker.java:598)
at org.testng.internal.TestInvoker.invokeTestMethod(TestInvoker.java:173)
at org.testng.internal.MethodRunner.runInSequence(MethodRunner.java:46)
at org.testng.internal.TestInvoker$MethodInvocationAgent.invoke(TestInvoker.java:824)
at org.testng.internal.TestInvoker.invokeTestMethods(TestInvoker.java:146)
at org.testng.internal.TestMethodWorker.invokeTestMethods(TestMethodWorker.java:146)
at org.testng.internal.TestMethodWorker.run(TestMethodWorker.java:128)
at java.util.ArrayList.forEach(ArrayList.java:1257)
at org.testng.TestRunner.privateRun(TestRunner.java:794)
at org.testng.TestRunner.run(TestRunner.java:596)
at org.testng.SuiteRunner.runTest(SuiteRunner.java:377)
at org.testng.SuiteRunner.runSequentially(SuiteRunner.java:371)
at org.testng.SuiteRunner.privateRun(SuiteRunner.java:332)
at org.testng.SuiteRunner.run(SuiteRunner.java:276)
at org.testng.SuiteRunnerWorker.runSuite(SuiteRunnerWorker.java:53)
at org.testng.SuiteRunnerWorker.run(SuiteRunnerWorker.java:96)
at org.testng.TestNG.runSuitesSequentially(TestNG.java:1212)
at org.testng.TestNG.runSuitesLocally(TestNG.java:1134)
at org.testng.TestNG.runSuites(TestNG.java:1063)
at org.testng.TestNG.run(TestNG.java:1031)
at org.testng.remote.AbstractRemoteTestNG.run(AbstractRemoteTestNG.java:115)
at org.testng.remote.RemoteTestNG.initAndRun(RemoteTestNG.java:251)
at org.testng.remote.RemoteTestNG.main(RemoteTestNG.java:77)
]]>
            </full-stacktrace>
          </exception> <!-- java.lang.AssertionError -->
          <reporter-output>
          </reporter-output>
        </test-method> <!-- canadaSearchDataProviderExternalTest -->
        <test-method status="PASS" signature="canadaSearchDataProviderExternalTest(java.lang.String,java.lang.String)[pri:0, instance:com.amex.parameterizedtests.DataProviderTest@1a052a00]" name="canadaSearchDataProviderExternalTest" duration-ms="15290" started-at="2021-08-18T17:26:36 IST" data-provider="phoneNumbersExternal" finished-at="2021-08-18T17:26:51 IST">
          <params>
            <param index="0">
              <value>
                <![CDATA[Royal Building Supplies Ltd]]>
              </value>
            </param>
            <param index="1">
              <value>
                <![CDATA[416-244-2644]]>
              </value>
            </param>
          </params>
          <reporter-output>
          </reporter-output>
        </test-method> <!-- canadaSearchDataProviderExternalTest -->
        <test-method status="PASS" signature="canadaSearchDataProviderTest(java.lang.String,java.lang.String)[pri:0, instance:com.amex.parameterizedtests.DataProviderTest@1a052a00]" name="canadaSearchDataProviderTest" duration-ms="16089" started-at="2021-08-18T17:26:51 IST" data-provider="phoneNumbers" finished-at="2021-08-18T17:27:07 IST">
          <params>
            <param index="0">
              <value>
                <![CDATA[Golf Town]]>
              </value>
            </param>
            <param index="1">
              <value>
                <![CDATA[905-841-0191]]>
              </value>
            </param>
          </params>
          <reporter-output>
          </reporter-output>
        </test-method> <!-- canadaSearchDataProviderTest -->
        <test-method status="FAIL" signature="canadaSearchDataProviderTest(java.lang.String,java.lang.String)[pri:0, instance:com.amex.parameterizedtests.DataProviderTest@1a052a00]" name="canadaSearchDataProviderTest" duration-ms="33425" started-at="2021-08-18T17:27:07 IST" data-provider="phoneNumbers" finished-at="2021-08-18T17:27:41 IST">
          <params>
            <param index="0">
              <value>
                <![CDATA[647-846-8449]]>
              </value>
            </param>
            <param index="1">
              <value>
                <![CDATA[647-846-8449]]>
              </value>
            </param>
          </params>
          <exception class="java.lang.AssertionError">
            <message>
              <![CDATA[expected [647-846-8449] but found [null]]]>
            </message>
            <full-stacktrace>
              <![CDATA[java.lang.AssertionError: expected [647-846-8449] but found [null]
at org.testng.Assert.fail(Assert.java:99)
at org.testng.Assert.failNotEquals(Assert.java:1037)
at org.testng.Assert.assertEqualsImpl(Assert.java:140)
at org.testng.Assert.assertEquals(Assert.java:122)
at org.testng.Assert.assertEquals(Assert.java:629)
at org.testng.Assert.assertEquals(Assert.java:639)
at com.amex.parameterizedtests.DataProviderTest.canadaSearchDataProviderTest(DataProviderTest.java:92)
at sun.reflect.NativeMethodAccessorImpl.invoke0(Native Method)
at sun.reflect.NativeMethodAccessorImpl.invoke(NativeMethodAccessorImpl.java:62)
at sun.reflect.DelegatingMethodAccessorImpl.invoke(DelegatingMethodAccessorImpl.java:43)
at java.lang.reflect.Method.invoke(Method.java:498)
at org.testng.internal.MethodInvocationHelper.invokeMethod(MethodInvocationHelper.java:133)
at org.testng.internal.TestInvoker.invokeMethod(TestInvoker.java:598)
at org.testng.internal.TestInvoker.invokeTestMethod(TestInvoker.java:173)
at org.testng.internal.MethodRunner.runInSequence(MethodRunner.java:46)
at org.testng.internal.TestInvoker$MethodInvocationAgent.invoke(TestInvoker.java:824)
at org.testng.internal.TestInvoker.invokeTestMethods(TestInvoker.java:146)
at org.testng.internal.TestMethodWorker.invokeTestMethods(TestMethodWorker.java:146)
at org.testng.internal.TestMethodWorker.run(TestMethodWorker.java:128)
at java.util.ArrayList.forEach(ArrayList.java:1257)
at org.testng.TestRunner.privateRun(TestRunner.java:794)
at org.testng.TestRunner.run(TestRunner.java:596)
at org.testng.SuiteRunner.runTest(SuiteRunner.java:377)
at org.testng.SuiteRunner.runSequentially(SuiteRunner.java:371)
at org.testng.SuiteRunner.privateRun(SuiteRunner.java:332)
at org.testng.SuiteRunner.run(SuiteRunner.java:276)
at org.testng.SuiteRunnerWorker.runSuite(SuiteRunnerWorker.java:53)
at org.testng.SuiteRunnerWorker.run(SuiteRunnerWorker.java:96)
at org.testng.TestNG.runSuitesSequentially(TestNG.java:1212)
at org.testng.TestNG.runSuitesLocally(TestNG.java:1134)
at org.testng.TestNG.runSuites(TestNG.java:1063)
at org.testng.TestNG.run(TestNG.java:1031)
at org.testng.remote.AbstractRemoteTestNG.run(AbstractRemoteTestNG.java:115)
at org.testng.remote.RemoteTestNG.initAndRun(RemoteTestNG.java:251)
at org.testng.remote.RemoteTestNG.main(RemoteTestNG.java:77)
]]>
            </full-stacktrace>
          </exception> <!-- java.lang.AssertionError -->
          <reporter-output>
          </reporter-output>
        </test-method> <!-- canadaSearchDataProviderTest -->
        <test-method status="PASS" signature="canadaSearchDataProviderTest(java.lang.String,java.lang.String)[pri:0, instance:com.amex.parameterizedtests.DataProviderTest@1a052a00]" name="canadaSearchDataProviderTest" duration-ms="34478" started-at="2021-08-18T17:27:41 IST" data-provider="phoneNumbers" finished-at="2021-08-18T17:28:15 IST">
          <params>
            <param index="0">
              <value>
                <![CDATA[Royal Building Supplies Ltd]]>
              </value>
            </param>
            <param index="1">
              <value>
                <![CDATA[416-244-2644]]>
              </value>
            </param>
          </params>
          <reporter-output>
          </reporter-output>
        </test-method> <!-- canadaSearchDataProviderTest -->
        <test-method status="PASS" signature="suiteParameterizedTest(java.lang.String,java.lang.String,java.lang.String,java.lang.String)[pri:0, instance:com.amex.parameterizedtests.DataProviderTest@1a052a00]" name="suiteParameterizedTest" duration-ms="2748" started-at="2021-08-18T17:28:15 IST" finished-at="2021-08-18T17:28:18 IST">
          <params>
            <param index="0">
              <value>
                <![CDATA[param]]>
              </value>
            </param>
            <param index="1">
              <value>
                <![CDATA[India]]>
              </value>
            </param>
            <param index="2">
              <value>
                <![CDATA[UK]]>
              </value>
            </param>
            <param index="3">
              <value>
                <![CDATA[{4,5}]]>
              </value>
            </param>
          </params>
          <reporter-output>
          </reporter-output>
        </test-method> <!-- suiteParameterizedTest -->
        <test-method status="PASS" signature="afterTest()[pri:0, instance:com.amex.parameterizedtests.DataProviderTest@1a052a00]" name="afterTest" is-config="true" duration-ms="4106" started-at="2021-08-18T17:28:18 IST" finished-at="2021-08-18T17:28:22 IST">
          <reporter-output>
          </reporter-output>
        </test-method> <!-- afterTest -->
      </class> <!-- com.amex.parameterizedtests.DataProviderTest -->
    </test> <!-- Test -->
  </suite> <!-- Suite -->
</testng-results>
