<?xml version="1.0" encoding="UTF-8"?>
<!-- Generated by org.testng.reporters.JUnitXMLReporter -->
<testsuite hostname="DESKTOP-55AGI0I" ignored="0" name="Test" tests="7" failures="2" timestamp="2021-08-18T17:28:22 IST" time="151.718" errors="0">
  <testcase name="canadaSearchDataProviderExternalTest" time="26.402" classname="com.amex.parameterizedtests.DataProviderTest"/>
  <testcase name="canadaSearchDataProviderExternalTest" time="12.785" classname="com.amex.parameterizedtests.DataProviderTest">
    <failure type="java.lang.AssertionError" message="expected [647-846-8449] but found [null]">
      <![CDATA[java.lang.AssertionError: expected [647-846-8449] but found [null]
at com.amex.parameterizedtests.DataProviderTest.canadaSearchDataProviderExternalTest(DataProviderTest.java:116)
at java.util.ArrayList.forEach(ArrayList.java:1257)
... Removed 33 stack frames]]>
    </failure>
  </testcase> <!-- canadaSearchDataProviderExternalTest -->
  <testcase name="canadaSearchDataProviderExternalTest" time="15.29" classname="com.amex.parameterizedtests.DataProviderTest"/>
  <testcase name="canadaSearchDataProviderTest" time="16.089" classname="com.amex.parameterizedtests.DataProviderTest"/>
  <testcase name="canadaSearchDataProviderTest" time="33.425" classname="com.amex.parameterizedtests.DataProviderTest">
    <failure type="java.lang.AssertionError" message="expected [647-846-8449] but found [null]">
      <![CDATA[java.lang.AssertionError: expected [647-846-8449] but found [null]
at com.amex.parameterizedtests.DataProviderTest.canadaSearchDataProviderTest(DataProviderTest.java:92)
at java.util.ArrayList.forEach(ArrayList.java:1257)
... Removed 33 stack frames]]>
    </failure>
  </testcase> <!-- canadaSearchDataProviderTest -->
  <testcase name="canadaSearchDataProviderTest" time="34.478" classname="com.amex.parameterizedtests.DataProviderTest"/>
  <testcase name="suiteParameterizedTest" time="2.748" classname="com.amex.parameterizedtests.DataProviderTest"/>
</testsuite> <!-- Test -->
